<?xml version="1.0" encoding="UTF-8"?>
<!-- Generated by org.testng.reporters.JUnitReportReporter -->
<testsuite hostname="DESKTOP-QM5GHSN" failures="0" tests="1" name="com.cts.trng.jenkins.Test1" time="1.478" errors="0" timestamp="2021-02-16T21:42:39 IST" skipped="0">
  <testcase classname="com.cts.trng.jenkins.Test1" name="testSuccess" time="1.478"/>
  <system-out>
TEst executed  </system-out>
</testsuite> <!-- com.cts.trng.jenkins.Test1 -->
